<?xml version="1.0" encoding="UTF-8" ?>
<testsuite failures="0" time="0.624" errors="0" skipped="0" tests="4" name="br.com.arduinobrew.repo.unit.TicketDAOTest">
  <properties>
    <property name="java.runtime.name" value="Java(TM) SE Runtime Environment"/>
    <property name="sun.boot.library.path" value="C:\Ferramentas\JDK 7u25(x64)\jre\bin"/>
    <property name="java.vm.version" value="23.25-b01"/>
    <property name="java.vm.vendor" value="Oracle Corporation"/>
    <property name="java.vendor.url" value="http://java.oracle.com/"/>
    <property name="path.separator" value=";"/>
    <property name="java.vm.name" value="Java HotSpot(TM) 64-Bit Server VM"/>
    <property name="file.encoding.pkg" value="sun.io"/>
    <property name="user.script" value=""/>
    <property name="user.country" value="BR"/>
    <property name="sun.java.launcher" value="SUN_STANDARD"/>
    <property name="sun.os.patch.level" value="Service Pack 1"/>
    <property name="java.vm.specification.name" value="Java Virtual Machine Specification"/>
    <property name="user.dir" value="C:\Projetos\arduino-brew-web"/>
    <property name="java.runtime.version" value="1.7.0_25-b17"/>
    <property name="java.awt.graphicsenv" value="sun.awt.Win32GraphicsEnvironment"/>
    <property name="basedir" value="C:\Projetos\arduino-brew-web"/>
    <property name="java.endorsed.dirs" value="C:\Ferramentas\JDK 7u25(x64)\jre\lib\endorsed"/>
    <property name="os.arch" value="amd64"/>
    <property name="surefire.real.class.path" value="C:\Projetos\arduino-brew-web\target\surefire\surefirebooter5166128806094183594.jar"/>
    <property name="java.io.tmpdir" value="C:\Users\dmarreco\AppData\Local\Temp\"/>
    <property name="line.separator" value="
"/>
    <property name="java.vm.specification.vendor" value="Oracle Corporation"/>
    <property name="user.variant" value=""/>
    <property name="os.name" value="Windows 7"/>
    <property name="sun.jnu.encoding" value="Cp1252"/>
    <property name="java.library.path" value="C:\Ferramentas\JDK 7u25(x64)\jre\bin;C:\Windows\Sun\Java\bin;C:\Windows\system32;C:\Windows;C:\Oracle\product\11.2.0\client_1\bin;C:\Windows\system32;C:\Windows;C:\Windows\System32\Wbem;C:\Windows\System32\WindowsPowerShell\v1.0\;C:\Program Files (x86)\Common Files\Roxio Shared\DLLShared\;C:\Program Files (x86)\Common Files\Roxio Shared\OEM\DLLShared\;C:\Program Files (x86)\Common Files\Roxio Shared\OEM\DLLShared\;C:\Program Files (x86)\Common Files\Roxio Shared\OEM\12.0\DLLShared\;C:\Program Files (x86)\Roxio\OEM\AudioCore\;C:\Progra~1\JDK 7u25(x64)\bin;C:\Ferramentas\scmtools\eclipse;C:\oraclexe\app\oracle\product\11.2.0\server\bin;C:\Progra~1\JDK 7u25(x64)\bin;C:\Java\grails-2.0.4\bin;C:\Program Files\Microsoft\Web Platform Installer\;C:\Program Files (x86)\Microsoft ASP.NET\ASP.NET Web Pages\v1.0\;C:\Program Files (x86)\Windows Kits\8.0\Windows Performance Toolkit\;C:\Program Files\Microsoft SQL Server\110\Tools\Binn\;C:\Program Files\SafeNet\Authentication\SAC\x64;C:\Program Files\SafeNet\Authentication\SAC\x32;C:\Program Files\Microsoft Network Monitor 3\;C:\Program Files (x86)\Git\cmd;C:\Ferramentas\Maven\\bin;C:\Program Files (x86)\Bitvise SSH Client;."/>
    <property name="surefire.test.class.path" value="C:\Projetos\arduino-brew-web\target\test-classes;C:\Projetos\arduino-brew-web\target\classes;C:\Users\dmarreco\.m2\repository\org\rxtx\rxtx\2.1.7\rxtx-2.1.7.jar;C:\Users\dmarreco\.m2\repository\javax\javaee-web-api\6.0\javaee-web-api-6.0.jar;C:\Users\dmarreco\.m2\repository\javax\enterprise\cdi-api\1.1-PRD\cdi-api-1.1-PRD.jar;C:\Users\dmarreco\.m2\repository\javax\el\el-api\2.2\el-api-2.2.jar;C:\Users\dmarreco\.m2\repository\org\jboss\spec\javax\interceptor\jboss-interceptors-api_1.1_spec\1.0.0.Beta1\jboss-interceptors-api_1.1_spec-1.0.0.Beta1.jar;C:\Users\dmarreco\.m2\repository\javax\annotation\jsr250-api\1.0\jsr250-api-1.0.jar;C:\Users\dmarreco\.m2\repository\javax\inject\javax.inject\1\javax.inject-1.jar;C:\Users\dmarreco\.m2\repository\org\slf4j\slf4j-api\1.7.5\slf4j-api-1.7.5.jar;C:\Users\dmarreco\.m2\repository\ch\qos\logback\logback-classic\1.0.13\logback-classic-1.0.13.jar;C:\Users\dmarreco\.m2\repository\ch\qos\logback\logback-core\1.0.13\logback-core-1.0.13.jar;C:\Users\dmarreco\.m2\repository\com\sun\faces\jsf-api\2.2.5\jsf-api-2.2.5.jar;C:\Users\dmarreco\.m2\repository\javax\xml\ws\jaxws-api\2.2.11\jaxws-api-2.2.11.jar;C:\Users\dmarreco\.m2\repository\javax\xml\bind\jaxb-api\2.2.9\jaxb-api-2.2.9.jar;C:\Users\dmarreco\.m2\repository\javax\xml\soap\javax.xml.soap-api\1.3.5\javax.xml.soap-api-1.3.5.jar;C:\Users\dmarreco\.m2\repository\javax\annotation\javax.annotation-api\1.2-b03\javax.annotation-api-1.2-b03.jar;C:\Users\dmarreco\.m2\repository\javax\jws\jsr181-api\1.0-MR1\jsr181-api-1.0-MR1.jar;C:\Users\dmarreco\.m2\repository\junit\junit\4.11\junit-4.11.jar;C:\Users\dmarreco\.m2\repository\org\hamcrest\hamcrest-core\1.3\hamcrest-core-1.3.jar;C:\Users\dmarreco\.m2\repository\org\mockito\mockito-all\1.9.5\mockito-all-1.9.5.jar;"/>
    <property name="java.specification.name" value="Java Platform API Specification"/>
    <property name="java.class.version" value="51.0"/>
    <property name="sun.management.compiler" value="HotSpot 64-Bit Tiered Compilers"/>
    <property name="os.version" value="6.1"/>
    <property name="user.home" value="C:\Users\dmarreco"/>
    <property name="user.timezone" value="America/Sao_Paulo"/>
    <property name="java.awt.printerjob" value="sun.awt.windows.WPrinterJob"/>
    <property name="java.specification.version" value="1.7"/>
    <property name="file.encoding" value="Cp1252"/>
    <property name="user.name" value="dmarreco"/>
    <property name="java.class.path" value="C:\Projetos\arduino-brew-web\target\test-classes;C:\Projetos\arduino-brew-web\target\classes;C:\Users\dmarreco\.m2\repository\org\rxtx\rxtx\2.1.7\rxtx-2.1.7.jar;C:\Users\dmarreco\.m2\repository\javax\javaee-web-api\6.0\javaee-web-api-6.0.jar;C:\Users\dmarreco\.m2\repository\javax\enterprise\cdi-api\1.1-PRD\cdi-api-1.1-PRD.jar;C:\Users\dmarreco\.m2\repository\javax\el\el-api\2.2\el-api-2.2.jar;C:\Users\dmarreco\.m2\repository\org\jboss\spec\javax\interceptor\jboss-interceptors-api_1.1_spec\1.0.0.Beta1\jboss-interceptors-api_1.1_spec-1.0.0.Beta1.jar;C:\Users\dmarreco\.m2\repository\javax\annotation\jsr250-api\1.0\jsr250-api-1.0.jar;C:\Users\dmarreco\.m2\repository\javax\inject\javax.inject\1\javax.inject-1.jar;C:\Users\dmarreco\.m2\repository\org\slf4j\slf4j-api\1.7.5\slf4j-api-1.7.5.jar;C:\Users\dmarreco\.m2\repository\ch\qos\logback\logback-classic\1.0.13\logback-classic-1.0.13.jar;C:\Users\dmarreco\.m2\repository\ch\qos\logback\logback-core\1.0.13\logback-core-1.0.13.jar;C:\Users\dmarreco\.m2\repository\com\sun\faces\jsf-api\2.2.5\jsf-api-2.2.5.jar;C:\Users\dmarreco\.m2\repository\javax\xml\ws\jaxws-api\2.2.11\jaxws-api-2.2.11.jar;C:\Users\dmarreco\.m2\repository\javax\xml\bind\jaxb-api\2.2.9\jaxb-api-2.2.9.jar;C:\Users\dmarreco\.m2\repository\javax\xml\soap\javax.xml.soap-api\1.3.5\javax.xml.soap-api-1.3.5.jar;C:\Users\dmarreco\.m2\repository\javax\annotation\javax.annotation-api\1.2-b03\javax.annotation-api-1.2-b03.jar;C:\Users\dmarreco\.m2\repository\javax\jws\jsr181-api\1.0-MR1\jsr181-api-1.0-MR1.jar;C:\Users\dmarreco\.m2\repository\junit\junit\4.11\junit-4.11.jar;C:\Users\dmarreco\.m2\repository\org\hamcrest\hamcrest-core\1.3\hamcrest-core-1.3.jar;C:\Users\dmarreco\.m2\repository\org\mockito\mockito-all\1.9.5\mockito-all-1.9.5.jar;"/>
    <property name="java.vm.specification.version" value="1.7"/>
    <property name="sun.arch.data.model" value="64"/>
    <property name="java.home" value="C:\Ferramentas\JDK 7u25(x64)\jre"/>
    <property name="sun.java.command" value="C:\Projetos\arduino-brew-web\target\surefire\surefirebooter5166128806094183594.jar C:\Projetos\arduino-brew-web\target\surefire\surefire5105256830426374324tmp C:\Projetos\arduino-brew-web\target\surefire\surefire6203758394909998641tmp"/>
    <property name="java.specification.vendor" value="Oracle Corporation"/>
    <property name="user.language" value="pt"/>
    <property name="awt.toolkit" value="sun.awt.windows.WToolkit"/>
    <property name="java.vm.info" value="mixed mode"/>
    <property name="java.version" value="1.7.0_25"/>
    <property name="java.ext.dirs" value="C:\Ferramentas\JDK 7u25(x64)\jre\lib\ext;C:\Windows\Sun\Java\lib\ext"/>
    <property name="sun.boot.class.path" value="C:\Ferramentas\JDK 7u25(x64)\jre\lib\resources.jar;C:\Ferramentas\JDK 7u25(x64)\jre\lib\rt.jar;C:\Ferramentas\JDK 7u25(x64)\jre\lib\sunrsasign.jar;C:\Ferramentas\JDK 7u25(x64)\jre\lib\jsse.jar;C:\Ferramentas\JDK 7u25(x64)\jre\lib\jce.jar;C:\Ferramentas\JDK 7u25(x64)\jre\lib\charsets.jar;C:\Ferramentas\JDK 7u25(x64)\jre\lib\jfr.jar;C:\Ferramentas\JDK 7u25(x64)\jre\classes"/>
    <property name="java.vendor" value="Oracle Corporation"/>
    <property name="localRepository" value="C:\Users\dmarreco\.m2\repository"/>
    <property name="file.separator" value="\"/>
    <property name="java.vendor.url.bug" value="http://bugreport.sun.com/bugreport/"/>
    <property name="sun.cpu.endian" value="little"/>
    <property name="sun.io.unicode.encoding" value="UnicodeLittle"/>
    <property name="sun.desktop" value="windows"/>
    <property name="sun.cpu.isalist" value="amd64"/>
  </properties>
  <testcase time="0.425" classname="br.com.arduinobrew.repo.unit.TicketDAOTest" name="getAll_em_dao_novo_retorna_lista_vazia"/>
  <testcase time="0.013" classname="br.com.arduinobrew.repo.unit.TicketDAOTest" name="put_de_dois_registros_seguido_de_getAll_retorna_lista_com_dois_tickets"/>
  <testcase time="0.01" classname="br.com.arduinobrew.repo.unit.TicketDAOTest" name="put_de_um_registro_verifica_se_linha_foi_gravada_no_arquivo"/>
  <testcase time="0.012" classname="br.com.arduinobrew.repo.unit.TicketDAOTest" name="put_de_um_registro_seguido_de_getAll_retorna_lista_com_um_ticket"/>
</testsuite>