<?xml version="1.0" encoding="UTF-8" ?>
<testsuite failures="0" time="0.008" errors="0" skipped="0" tests="5" name="br.com.arduinobrew.repo.unit.TicketParserTest">
  <properties>
    <property name="java.runtime.name" value="Java(TM) SE Runtime Environment"/>
    <property name="sun.boot.library.path" value="C:\Ferramentas\JDK 7u25(x64)\jre\bin"/>
    <property name="java.vm.version" value="23.25-b01"/>
    <property name="java.vm.vendor" value="Oracle Corporation"/>
    <property name="java.vendor.url" value="http://java.oracle.com/"/>
    <property name="path.separator" value=";"/>
    <property name="java.vm.name" value="Java HotSpot(TM) 64-Bit Server VM"/>
    <property name="file.encoding.pkg" value="sun.io"/>
    <property name="user.script" value=""/>
    <property name="user.country" value="BR"/>
    <property name="sun.java.launcher" value="SUN_STANDARD"/>
    <property name="sun.os.patch.level" value="Service Pack 1"/>
    <property name="java.vm.specification.name" value="Java Virtual Machine Specification"/>
    <property name="user.dir" value="C:\Projetos\arduino-brew-web"/>
    <property name="java.runtime.version" value="1.7.0_25-b17"/>
    <property name="java.awt.graphicsenv" value="sun.awt.Win32GraphicsEnvironment"/>
    <property name="basedir" value="C:\Projetos\arduino-brew-web"/>
    <property name="java.endorsed.dirs" value="C:\Ferramentas\JDK 7u25(x64)\jre\lib\endorsed"/>
    <property name="os.arch" value="amd64"/>
    <property name="surefire.real.class.path" value="C:\Projetos\arduino-brew-web\target\surefire\surefirebooter2523581293595009725.jar"/>
    <property name="java.io.tmpdir" value="C:\Users\dmarreco\AppData\Local\Temp\"/>
    <property name="line.separator" value="
"/>
    <property name="java.vm.specification.vendor" value="Oracle Corporation"/>
    <property name="user.variant" value=""/>
    <property name="os.name" value="Windows 7"/>
    <property name="sun.jnu.encoding" value="Cp1252"/>
    <property name="java.library.path" value="C:\Ferramentas\JDK 7u25(x64)\jre\bin;C:\Windows\Sun\Java\bin;C:\Windows\system32;C:\Windows;C:\Oracle\product\11.2.0\client_1\bin;C:\Windows\system32;C:\Windows;C:\Windows\System32\Wbem;C:\Windows\System32\WindowsPowerShell\v1.0\;C:\Program Files (x86)\Common Files\Roxio Shared\DLLShared\;C:\Program Files (x86)\Common Files\Roxio Shared\OEM\DLLShared\;C:\Program Files (x86)\Common Files\Roxio Shared\OEM\DLLShared\;C:\Program Files (x86)\Common Files\Roxio Shared\OEM\12.0\DLLShared\;C:\Program Files (x86)\Roxio\OEM\AudioCore\;C:\Progra~1\JDK 7u25(x64)\bin;C:\Ferramentas\scmtools\eclipse;C:\oraclexe\app\oracle\product\11.2.0\server\bin;C:\Progra~1\JDK 7u25(x64)\bin;C:\Java\grails-2.0.4\bin;C:\Program Files\Microsoft\Web Platform Installer\;C:\Program Files (x86)\Microsoft ASP.NET\ASP.NET Web Pages\v1.0\;C:\Program Files (x86)\Windows Kits\8.0\Windows Performance Toolkit\;C:\Program Files\Microsoft SQL Server\110\Tools\Binn\;C:\Program Files\SafeNet\Authentication\SAC\x64;C:\Program Files\SafeNet\Authentication\SAC\x32;C:\Program Files\Microsoft Network Monitor 3\;C:\Program Files (x86)\Git\cmd;C:\Ferramentas\Maven\\bin;C:\Program Files (x86)\Bitvise SSH Client;."/>
    <property name="surefire.test.class.path" value="C:\Projetos\arduino-brew-web\target\test-classes;C:\Projetos\arduino-brew-web\target\classes;C:\Users\dmarreco\.m2\repository\org\rxtx\rxtx\2.1.7\rxtx-2.1.7.jar;C:\Users\dmarreco\.m2\repository\javax\javaee-web-api\6.0\javaee-web-api-6.0.jar;C:\Users\dmarreco\.m2\repository\org\slf4j\slf4j-api\1.7.5\slf4j-api-1.7.5.jar;C:\Users\dmarreco\.m2\repository\ch\qos\logback\logback-classic\1.0.13\logback-classic-1.0.13.jar;C:\Users\dmarreco\.m2\repository\ch\qos\logback\logback-core\1.0.13\logback-core-1.0.13.jar;C:\Users\dmarreco\.m2\repository\com\sun\faces\jsf-api\2.2.5\jsf-api-2.2.5.jar;C:\Users\dmarreco\.m2\repository\com\sun\faces\jsf-impl\2.2.5-jbossorg-1\jsf-impl-2.2.5-jbossorg-1.jar;C:\Users\dmarreco\.m2\repository\org\jboss\weld\servlet\weld-servlet\2.1.0.Final\weld-servlet-2.1.0.Final.jar;C:\Users\dmarreco\.m2\repository\junit\junit\4.11\junit-4.11.jar;C:\Users\dmarreco\.m2\repository\org\hamcrest\hamcrest-core\1.3\hamcrest-core-1.3.jar;C:\Users\dmarreco\.m2\repository\org\mockito\mockito-all\1.9.5\mockito-all-1.9.5.jar;"/>
    <property name="java.specification.name" value="Java Platform API Specification"/>
    <property name="java.class.version" value="51.0"/>
    <property name="sun.management.compiler" value="HotSpot 64-Bit Tiered Compilers"/>
    <property name="os.version" value="6.1"/>
    <property name="user.home" value="C:\Users\dmarreco"/>
    <property name="user.timezone" value="America/Sao_Paulo"/>
    <property name="java.awt.printerjob" value="sun.awt.windows.WPrinterJob"/>
    <property name="java.specification.version" value="1.7"/>
    <property name="file.encoding" value="Cp1252"/>
    <property name="user.name" value="dmarreco"/>
    <property name="java.class.path" value="C:\Projetos\arduino-brew-web\target\test-classes;C:\Projetos\arduino-brew-web\target\classes;C:\Users\dmarreco\.m2\repository\org\rxtx\rxtx\2.1.7\rxtx-2.1.7.jar;C:\Users\dmarreco\.m2\repository\javax\javaee-web-api\6.0\javaee-web-api-6.0.jar;C:\Users\dmarreco\.m2\repository\org\slf4j\slf4j-api\1.7.5\slf4j-api-1.7.5.jar;C:\Users\dmarreco\.m2\repository\ch\qos\logback\logback-classic\1.0.13\logback-classic-1.0.13.jar;C:\Users\dmarreco\.m2\repository\ch\qos\logback\logback-core\1.0.13\logback-core-1.0.13.jar;C:\Users\dmarreco\.m2\repository\com\sun\faces\jsf-api\2.2.5\jsf-api-2.2.5.jar;C:\Users\dmarreco\.m2\repository\com\sun\faces\jsf-impl\2.2.5-jbossorg-1\jsf-impl-2.2.5-jbossorg-1.jar;C:\Users\dmarreco\.m2\repository\org\jboss\weld\servlet\weld-servlet\2.1.0.Final\weld-servlet-2.1.0.Final.jar;C:\Users\dmarreco\.m2\repository\junit\junit\4.11\junit-4.11.jar;C:\Users\dmarreco\.m2\repository\org\hamcrest\hamcrest-core\1.3\hamcrest-core-1.3.jar;C:\Users\dmarreco\.m2\repository\org\mockito\mockito-all\1.9.5\mockito-all-1.9.5.jar;"/>
    <property name="java.vm.specification.version" value="1.7"/>
    <property name="sun.arch.data.model" value="64"/>
    <property name="java.home" value="C:\Ferramentas\JDK 7u25(x64)\jre"/>
    <property name="sun.java.command" value="C:\Projetos\arduino-brew-web\target\surefire\surefirebooter2523581293595009725.jar C:\Projetos\arduino-brew-web\target\surefire\surefire2893085451183161410tmp C:\Projetos\arduino-brew-web\target\surefire\surefire4631787287672140850tmp"/>
    <property name="java.specification.vendor" value="Oracle Corporation"/>
    <property name="user.language" value="pt"/>
    <property name="awt.toolkit" value="sun.awt.windows.WToolkit"/>
    <property name="java.vm.info" value="mixed mode"/>
    <property name="java.version" value="1.7.0_25"/>
    <property name="java.ext.dirs" value="C:\Ferramentas\JDK 7u25(x64)\jre\lib\ext;C:\Windows\Sun\Java\lib\ext"/>
    <property name="sun.boot.class.path" value="C:\Ferramentas\JDK 7u25(x64)\jre\lib\resources.jar;C:\Ferramentas\JDK 7u25(x64)\jre\lib\rt.jar;C:\Ferramentas\JDK 7u25(x64)\jre\lib\sunrsasign.jar;C:\Ferramentas\JDK 7u25(x64)\jre\lib\jsse.jar;C:\Ferramentas\JDK 7u25(x64)\jre\lib\jce.jar;C:\Ferramentas\JDK 7u25(x64)\jre\lib\charsets.jar;C:\Ferramentas\JDK 7u25(x64)\jre\lib\jfr.jar;C:\Ferramentas\JDK 7u25(x64)\jre\classes"/>
    <property name="java.vendor" value="Oracle Corporation"/>
    <property name="localRepository" value="C:\Users\dmarreco\.m2\repository"/>
    <property name="file.separator" value="\"/>
    <property name="java.vendor.url.bug" value="http://bugreport.sun.com/bugreport/"/>
    <property name="sun.cpu.endian" value="little"/>
    <property name="sun.io.unicode.encoding" value="UnicodeLittle"/>
    <property name="sun.desktop" value="windows"/>
    <property name="sun.cpu.isalist" value="amd64"/>
  </properties>
  <testcase time="0.001" classname="br.com.arduinobrew.repo.unit.TicketParserTest" name="deserializa_ticket_invalido_lanca_TicketParsingException"/>
  <testcase time="0.001" classname="br.com.arduinobrew.repo.unit.TicketParserTest" name="deserializa_elapsedTime_com_sucesso"/>
  <testcase time="0" classname="br.com.arduinobrew.repo.unit.TicketParserTest" name="deserializa_fase_com_sucesso"/>
  <testcase time="0" classname="br.com.arduinobrew.repo.unit.TicketParserTest" name="deserializa_texto_com_sucesso"/>
  <testcase time="0.002" classname="br.com.arduinobrew.repo.unit.TicketParserTest" name="deserializa_ticket_completo_com_sucesso"/>
</testsuite>